= Host-specific information ====================================================
$> hostname; uname -msr
e2r7p6.42.fr
Darwin 14.5.0 x86_64
$> date
Mon Dec 14 18:12:55 CET 2015
$> gcc --version
Configured with: --prefix=/Applications/Xcode.app/Contents/Developer/usr --with-gxx-include-dir=/usr/include/c++/4.2.1
Apple LLVM version 7.0.0 (clang-700.1.76)
Target: x86_64-apple-darwin14.5.0
Thread model: posix
$> clang --version
Apple LLVM version 7.0.0 (clang-700.1.76)
Target: x86_64-apple-darwin14.5.0
Thread model: posix

= User files collection ========================================================
Collecting user files from Vogsphere
Repository URL: auto-exam/2015/c-exam-beginner/practice-exam_20151214/mkejji2

= Git history ==================================================================
$> git -C /var/folders/jg/zjjhk6k1593bvk5h2bf58h8w0000gp/T/tmp9V3ebq/user log --pretty='%H - %an, %ad : %s'
6385763b500a8368641e6dc2a11756dd8363b423 - Mourad KEJJI, Mon Dec 14 18:12:35 2015 +0100 : a
 
= Collected files ==========================================
$> ls -lAR /var/folders/jg/zjjhk6k1593bvk5h2bf58h8w0000gp/T/tmp9V3ebq/user
total 8
-rw-r--r--  1 deepthought  deepthought  230 Dec 14 18:12 __GIT_HISTORY
drwxr-xr-x  3 deepthought  deepthought  102 Dec 14 18:12 aff_a

/var/folders/jg/zjjhk6k1593bvk5h2bf58h8w0000gp/T/tmp9V3ebq/user/aff_a:
total 8
-rw-r--r--  1 deepthought  deepthought  1165 Dec 14 18:12 aff_a.c
 
= aff_a ========================================================================
$> clang -Wextra -Wall -Werror aff_a.c -o user_exe 

= Test 1 ===================================================
$> ./fa0x3e0rzwdilnf7likztb33 
$> diff -U 3 user_output_test1 test1.output | cat -e

Diff OK :D
= Test 2 ===================================================
$> ./gq1q2acqpgud8bxw6qwxaneo "17" "23" "42"
$> diff -U 3 user_output_test2 test2.output | cat -e

Diff OK :D
= Test 3 ===================================================
$> ./itkvao6mmapvfqy2tjmu8x3x "AwYz2LaU"
$> diff -U 3 user_output_test3 test3.output | cat -e

Diff OK :D
= Test 4 ===================================================
$> ./vqj0e455yaezk9fnx8y94t0n "mQcf2axRw"
$> diff -U 3 user_output_test4 test4.output | cat -e

Diff OK :D
= Test 5 ===================================================
$> ./riqvgev7rcdbon95errh7fg8 "v1FdsgP42Ul"
$> diff -U 3 user_output_test5 test5.output | cat -e

Diff OK :D
= Test 6 ===================================================
$> ./rp18rghpk4pkju9cxxdp672n "yprhgAK4"
$> diff -U 3 user_output_test6 test6.output | cat -e

Diff OK :D
Grade: 1

= Final grade: 1 ===============================================================
