= Host-specific information ====================================================
$> hostname; uname -msr
e1r4p1.42.fr
Darwin 14.5.0 x86_64
$> date
Mon Dec 14 18:15:23 CET 2015
$> gcc --version
Configured with: --prefix=/Applications/Xcode.app/Contents/Developer/usr --with-gxx-include-dir=/usr/include/c++/4.2.1
Apple LLVM version 7.0.0 (clang-700.1.76)
Target: x86_64-apple-darwin14.5.0
Thread model: posix
$> clang --version
Apple LLVM version 7.0.0 (clang-700.1.76)
Target: x86_64-apple-darwin14.5.0
Thread model: posix

= User files collection ========================================================
Collecting user files from Vogsphere
Repository URL: auto-exam/2015/c-exam-beginner/practice-exam_20151214/mkejji2

= Git history ==================================================================
$> git -C /var/folders/42/rsr3hnzd3nsbd474lmbn6lgm0000gp/T/tmpe6KATs/user log --pretty='%H - %an, %ad : %s'
95582045193262bafd11009470c1d43d7560fdc5 - Mourad KEJJI, Mon Dec 14 18:15:15 2015 +0100 : swap
6385763b500a8368641e6dc2a11756dd8363b423 - Mourad KEJJI, Mon Dec 14 18:12:35 2015 +0100 : a
 
= Collected files ==========================================
$> ls -lAR /var/folders/42/rsr3hnzd3nsbd474lmbn6lgm0000gp/T/tmpe6KATs/user
total 8
-rw-r--r--  1 deepthought  deepthought  452 Dec 14 18:15 __GIT_HISTORY
drwxr-xr-x  3 deepthought  deepthought  102 Dec 14 18:15 aff_a
drwxr-xr-x  3 deepthought  deepthought  102 Dec 14 18:15 ft_swap

/var/folders/42/rsr3hnzd3nsbd474lmbn6lgm0000gp/T/tmpe6KATs/user/aff_a:
total 8
-rw-r--r--  1 deepthought  deepthought  1165 Dec 14 18:15 aff_a.c

/var/folders/42/rsr3hnzd3nsbd474lmbn6lgm0000gp/T/tmpe6KATs/user/ft_swap:
total 8
-rw-r--r--  1 deepthought  deepthought  962 Dec 14 18:15 ft_swap.c
 
= ft_swap ======================================================================
$> clang -Wextra -Wall -Werror ft_swap.c main.c -o user_exe 

= Test 1 ===================================================
$> ./y410yxzwra6xunqcij2pbfwr "512241391" "1566937445"
$> diff -U 3 user_output_test1 test1.output | cat -e

Diff OK :D
= Test 2 ===================================================
$> ./obgdodhb6miihi75zi4djo90 "-1931744028" "-2013294322"
$> diff -U 3 user_output_test2 test2.output | cat -e

Diff OK :D
= Test 3 ===================================================
$> ./h784w62od7u9t4udbxgzj6ak "1131204684" "1666868202"
$> diff -U 3 user_output_test3 test3.output | cat -e

Diff OK :D
= Test 4 ===================================================
$> ./hnk4qz6o84v4gsordi7syhze "-898162615" "1745883418"
$> diff -U 3 user_output_test4 test4.output | cat -e

Diff OK :D
= Test 5 ===================================================
$> ./u3ol57pqmpu4ubcuw13z6va9 "1779346676" "-58592766"
$> diff -U 3 user_output_test5 test5.output | cat -e

Diff OK :D
= Test 6 ===================================================
$> ./z8ft7gemsvqwvc8pffxgityv "968374852" "705062730"
$> diff -U 3 user_output_test6 test6.output | cat -e

Diff OK :D
= Test 7 ===================================================
$> ./ksizj1af04ihjcexyccsm66x "-467170174" "-1853039299"
$> diff -U 3 user_output_test7 test7.output | cat -e

Diff OK :D
= Test 8 ===================================================
$> ./xtwp54kba4ucajmux34fot89 "-1768042810" "-1085196997"
$> diff -U 3 user_output_test8 test8.output | cat -e

Diff OK :D
= Test 9 ===================================================
$> ./x2n1czl7vsmyqm22ylkh1l38 "224136945" "1526928221"
$> diff -U 3 user_output_test9 test9.output | cat -e

Diff OK :D
Grade: 1

= Final grade: 1 ===============================================================
