= Host-specific information ====================================================
$> hostname; uname -msr
e2r11p1.42.fr
Darwin 14.5.0 x86_64
$> date
Mon Dec 14 18:24:17 CET 2015
$> gcc --version
Configured with: --prefix=/Applications/Xcode.app/Contents/Developer/usr --with-gxx-include-dir=/usr/include/c++/4.2.1
Apple LLVM version 7.0.0 (clang-700.1.76)
Target: x86_64-apple-darwin14.5.0
Thread model: posix
$> clang --version
Apple LLVM version 7.0.0 (clang-700.1.76)
Target: x86_64-apple-darwin14.5.0
Thread model: posix

= User files collection ========================================================
Collecting user files from Vogsphere
Repository URL: auto-exam/2015/c-exam-beginner/practice-exam_20151214/mkejji2

= Git history ==================================================================
$> git -C /var/folders/qz/352zrq4510vbbb92gvn27y8m0000gp/T/tmp_NZEOu/user log --pretty='%H - %an, %ad : %s'
4ba54f3058a7395a511cb9c8a4ed709141d165fb - Mourad KEJJI, Mon Dec 14 18:24:09 2015 +0100 : bits
95582045193262bafd11009470c1d43d7560fdc5 - Mourad KEJJI, Mon Dec 14 18:15:15 2015 +0100 : swap
6385763b500a8368641e6dc2a11756dd8363b423 - Mourad KEJJI, Mon Dec 14 18:12:35 2015 +0100 : a
 
= Collected files ==========================================
$> ls -lAR /var/folders/qz/352zrq4510vbbb92gvn27y8m0000gp/T/tmp_NZEOu/user
total 8
-rw-r--r--  1 deepthought  deepthought  681 Dec 14 18:24 __GIT_HISTORY
drwxr-xr-x  3 deepthought  deepthought  102 Dec 14 18:24 aff_a
drwxr-xr-x  3 deepthought  deepthought  102 Dec 14 18:24 ft_swap
drwxr-xr-x  3 deepthought  deepthought  102 Dec 14 18:24 swap_bits

/var/folders/qz/352zrq4510vbbb92gvn27y8m0000gp/T/tmp_NZEOu/user/aff_a:
total 8
-rw-r--r--  1 deepthought  deepthought  1165 Dec 14 18:24 aff_a.c

/var/folders/qz/352zrq4510vbbb92gvn27y8m0000gp/T/tmp_NZEOu/user/ft_swap:
total 8
-rw-r--r--  1 deepthought  deepthought  962 Dec 14 18:24 ft_swap.c

/var/folders/qz/352zrq4510vbbb92gvn27y8m0000gp/T/tmp_NZEOu/user/swap_bits:
total 8
-rw-r--r--  1 deepthought  deepthought  1055 Dec 14 18:24 swap_bits.c
 
= swap_bits ====================================================================
$> clang -Wextra -Wall -Werror main.c swap_bits.c -o user_exe 

= Test 1 ===================================================
$> ./5ql984wu395j4ltj5hf65qij
$> diff -U 3 user_output_test1 test1.output | cat -e

Diff OK :D
Grade: 1

= Final grade: 1 ===============================================================
