= Host-specific information ====================================================
$> hostname; uname -msr
e1r11p5.42.fr
Darwin 14.5.0 x86_64
$> date
Mon Dec 14 18:34:56 CET 2015
$> gcc --version
Configured with: --prefix=/Applications/Xcode.app/Contents/Developer/usr --with-gxx-include-dir=/usr/include/c++/4.2.1
Apple LLVM version 7.0.0 (clang-700.1.76)
Target: x86_64-apple-darwin14.5.0
Thread model: posix
$> clang --version
Apple LLVM version 7.0.0 (clang-700.1.76)
Target: x86_64-apple-darwin14.5.0
Thread model: posix

= User files collection ========================================================
Collecting user files from Vogsphere
Repository URL: auto-exam/2015/c-exam-beginner/practice-exam_20151214/mkejji2

= Git history ==================================================================
$> git -C /var/folders/ns/90kkgtg928z1w_tbzxhc9xph0000gp/T/tmpGsL6Aa/user log --pretty='%H - %an, %ad : %s'
799e0a9d90791dba6f582f17a60fea89d38a3635 - Mourad KEJJI, Mon Dec 14 18:34:46 2015 +0100 : mult
4ba54f3058a7395a511cb9c8a4ed709141d165fb - Mourad KEJJI, Mon Dec 14 18:24:09 2015 +0100 : bits
95582045193262bafd11009470c1d43d7560fdc5 - Mourad KEJJI, Mon Dec 14 18:15:15 2015 +0100 : swap
6385763b500a8368641e6dc2a11756dd8363b423 - Mourad KEJJI, Mon Dec 14 18:12:35 2015 +0100 : a
 
= Collected files ==========================================
$> ls -lAR /var/folders/ns/90kkgtg928z1w_tbzxhc9xph0000gp/T/tmpGsL6Aa/user
total 8
-rw-r--r--  1 deepthought  deepthought  938 Dec 14 18:34 __GIT_HISTORY
drwxr-xr-x  3 deepthought  deepthought  102 Dec 14 18:34 aff_a
drwxr-xr-x  3 deepthought  deepthought  102 Dec 14 18:34 ft_swap
drwxr-xr-x  3 deepthought  deepthought  102 Dec 14 18:34 swap_bits
drwxr-xr-x  3 deepthought  deepthought  102 Dec 14 18:34 tab_mult

/var/folders/ns/90kkgtg928z1w_tbzxhc9xph0000gp/T/tmpGsL6Aa/user/aff_a:
total 8
-rw-r--r--  1 deepthought  deepthought  1165 Dec 14 18:34 aff_a.c

/var/folders/ns/90kkgtg928z1w_tbzxhc9xph0000gp/T/tmpGsL6Aa/user/ft_swap:
total 8
-rw-r--r--  1 deepthought  deepthought  962 Dec 14 18:34 ft_swap.c

/var/folders/ns/90kkgtg928z1w_tbzxhc9xph0000gp/T/tmpGsL6Aa/user/swap_bits:
total 8
-rw-r--r--  1 deepthought  deepthought  1055 Dec 14 18:34 swap_bits.c

/var/folders/ns/90kkgtg928z1w_tbzxhc9xph0000gp/T/tmpGsL6Aa/user/tab_mult:
total 8
-rw-r--r--  1 deepthought  deepthought  1814 Dec 14 18:34 tab_mult.c
 
= tab_mult =====================================================================
$> clang -Wextra -Wall -Werror tab_mult.c -o user_exe 

= Test 1 ===================================================
$> ./umf3bim9jyl3iongftsa42n7 1
$> diff -U 3 user_output_test1 test1.output | cat -e

Diff OK :D
= Test 2 ===================================================
$> ./flt3k0sq5zj829j1g9uaeksd 5
$> diff -U 3 user_output_test2 test2.output | cat -e

Diff OK :D
= Test 3 ===================================================
$> ./ghhov68vcom3uhs9q772av8f 9
$> diff -U 3 user_output_test3 test3.output | cat -e

Diff OK :D
= Test 4 ===================================================
$> ./52dx1klsgsc1rxbws39jo31m 27
$> diff -U 3 user_output_test4 test4.output | cat -e

Diff OK :D
= Test 5 ===================================================
$> ./x4sqv3bw30iuv4u3izc6d1mh 144
$> diff -U 3 user_output_test5 test5.output | cat -e

Diff OK :D
= Test 6 ===================================================
$> ./00kmtl485s82e0t3b5cpno75 645769
$> diff -U 3 user_output_test6 test6.output | cat -e

Diff OK :D
Grade: 1

= Final grade: 1 ===============================================================
