= Host-specific information ====================================================
$> hostname; uname -msr
e1r13p9.42.fr
Darwin 14.5.0 x86_64
$> date
Mon Dec 14 19:17:37 CET 2015
$> gcc --version
Configured with: --prefix=/Applications/Xcode.app/Contents/Developer/usr --with-gxx-include-dir=/usr/include/c++/4.2.1
Apple LLVM version 7.0.0 (clang-700.1.76)
Target: x86_64-apple-darwin14.5.0
Thread model: posix
$> clang --version
Apple LLVM version 7.0.0 (clang-700.1.76)
Target: x86_64-apple-darwin14.5.0
Thread model: posix

= User files collection ========================================================
Collecting user files from Vogsphere
Repository URL: auto-exam/2015/c-exam-beginner/practice-exam_20151214/mkejji3

= Git history ==================================================================
$> git -C /var/folders/l_/7p2xfh890jn84rn5ysqp6y7w0000gp/T/tmpxe0iFi/user log --pretty='%H - %an, %ad : %s'
e4a7ae841dd1152860cb8ed36449616258ac16bf - Mourad KEJJI, Mon Dec 14 19:17:29 2015 +0100 : maff alpha
 
= Collected files ==========================================
$> ls -lAR /var/folders/l_/7p2xfh890jn84rn5ysqp6y7w0000gp/T/tmpxe0iFi/user
total 8
-rw-r--r--  1 deepthought  deepthought  231 Dec 14 19:17 __GIT_HISTORY
drwxr-xr-x  3 deepthought  deepthought  102 Dec 14 19:17 maff_alpha

/var/folders/l_/7p2xfh890jn84rn5ysqp6y7w0000gp/T/tmpxe0iFi/user/maff_alpha:
total 8
-rw-r--r--  1 deepthought  deepthought  979 Dec 14 19:17 maff_alpha.c
 
= maff_alpha ===================================================================
$> clang -Wextra -Wall -Werror maff_alpha.c -o user_exe 

= Test 1 ===================================================
$> ./hkscuvaz4f33xms4ngvvidao test1.prm
$> diff -U 3 user_output_test1 test1.output | cat -e

Diff OK :D
Grade: 1

= Final grade: 1 ===============================================================
