= Host-specific information ====================================================
$> hostname; uname -msr
e2r9p10.42.fr
Darwin 14.5.0 x86_64
$> date
Mon Dec 14 19:39:37 CET 2015
$> gcc --version
Configured with: --prefix=/Applications/Xcode.app/Contents/Developer/usr --with-gxx-include-dir=/usr/include/c++/4.2.1
Apple LLVM version 7.0.0 (clang-700.1.76)
Target: x86_64-apple-darwin14.5.0
Thread model: posix
$> clang --version
Apple LLVM version 7.0.0 (clang-700.1.76)
Target: x86_64-apple-darwin14.5.0
Thread model: posix

= User files collection ========================================================
Collecting user files from Vogsphere
Repository URL: auto-exam/2015/c-exam-beginner/practice-exam_20151214/mkejji3

= Git history ==================================================================
$> git -C /var/folders/kx/71vb1qw90r1_kb2bzp08wmc80000gp/T/tmpmlTRR8/user log --pretty='%H - %an, %ad : %s'
f75db0907f8f8c17eafcb91f530d8f608f50e50e - Mourad KEJJI, Mon Dec 14 19:39:29 2015 +0100 : bits
f6ff2c815d41913808056c64bd81bc0fc695a317 - Mourad KEJJI, Mon Dec 14 19:26:11 2015 +0100 : strlen
e4a7ae841dd1152860cb8ed36449616258ac16bf - Mourad KEJJI, Mon Dec 14 19:17:29 2015 +0100 : maff alpha
 
= Collected files ==========================================
$> ls -lAR /var/folders/kx/71vb1qw90r1_kb2bzp08wmc80000gp/T/tmpmlTRR8/user
total 8
-rw-r--r--  1 deepthought  deepthought  717 Dec 14 19:39 __GIT_HISTORY
drwxr-xr-x  3 deepthought  deepthought  102 Dec 14 19:39 ft_strlen
drwxr-xr-x  3 deepthought  deepthought  102 Dec 14 19:39 maff_alpha
drwxr-xr-x  3 deepthought  deepthought  102 Dec 14 19:39 print_bits

/var/folders/kx/71vb1qw90r1_kb2bzp08wmc80000gp/T/tmpmlTRR8/user/ft_strlen:
total 8
-rw-r--r--  1 deepthought  deepthought  974 Dec 14 19:39 ft_strlen.c

/var/folders/kx/71vb1qw90r1_kb2bzp08wmc80000gp/T/tmpmlTRR8/user/maff_alpha:
total 8
-rw-r--r--  1 deepthought  deepthought  979 Dec 14 19:39 maff_alpha.c

/var/folders/kx/71vb1qw90r1_kb2bzp08wmc80000gp/T/tmpmlTRR8/user/print_bits:
total 8
-rw-r--r--  1 deepthought  deepthought  1639 Dec 14 19:39 print_bits.c
 
= print_bits ===================================================================
$> clang -Wextra -Wall -Werror main.c print_bits.c -o user_exe 

= Test 1 ===================================================
$> ./wsqbgm7r7uxorf47vkco2k03
$> diff -U 3 user_output_test1 test1.output | cat -e

Diff OK :D
Grade: 1

= Final grade: 1 ===============================================================
