= Host-specific information ====================================================
$> hostname; uname -msr
e2r13p10.42.fr
Darwin 14.5.0 x86_64
$> date
Mon Dec 14 20:02:14 CET 2015
$> gcc --version
Configured with: --prefix=/Applications/Xcode.app/Contents/Developer/usr --with-gxx-include-dir=/usr/include/c++/4.2.1
Apple LLVM version 7.0.0 (clang-700.1.76)
Target: x86_64-apple-darwin14.5.0
Thread model: posix
$> clang --version
Apple LLVM version 7.0.0 (clang-700.1.76)
Target: x86_64-apple-darwin14.5.0
Thread model: posix

= User files collection ========================================================
Collecting user files from Vogsphere
Repository URL: auto-exam/2015/c-exam-beginner/practice-exam_20151214/mkejji3

= Git history ==================================================================
$> git -C /var/folders/1t/1r4nmm8s3svgfgxb2k86584w0000gp/T/tmpu5ZLni/user log --pretty='%H - %an, %ad : %s'
1edfca9116546bc5a4107d129d4009f9d093fd33 - Mourad KEJJI, Mon Dec 14 19:58:56 2015 +0100 : list
57669734f63d1b2304f882682870cf201b402d23 - Mourad KEJJI, Mon Dec 14 19:51:27 2015 +0100 : epur
f75db0907f8f8c17eafcb91f530d8f608f50e50e - Mourad KEJJI, Mon Dec 14 19:39:29 2015 +0100 : bits
f6ff2c815d41913808056c64bd81bc0fc695a317 - Mourad KEJJI, Mon Dec 14 19:26:11 2015 +0100 : strlen
e4a7ae841dd1152860cb8ed36449616258ac16bf - Mourad KEJJI, Mon Dec 14 19:17:29 2015 +0100 : maff alpha
 
= Collected files ==========================================
$> ls -lAR /var/folders/1t/1r4nmm8s3svgfgxb2k86584w0000gp/T/tmpu5ZLni/user
total 8
-rw-r--r--  1 deepthought  deepthought  1219 Dec 14 20:02 __GIT_HISTORY
drwxr-xr-x  3 deepthought  deepthought   102 Dec 14 20:02 epur_str
drwxr-xr-x  3 deepthought  deepthought   102 Dec 14 20:02 ft_list_remove_if
drwxr-xr-x  3 deepthought  deepthought   102 Dec 14 20:02 ft_strlen
drwxr-xr-x  3 deepthought  deepthought   102 Dec 14 20:02 maff_alpha
drwxr-xr-x  3 deepthought  deepthought   102 Dec 14 20:02 print_bits

/var/folders/1t/1r4nmm8s3svgfgxb2k86584w0000gp/T/tmpu5ZLni/user/epur_str:
total 8
-rw-r--r--  1 deepthought  deepthought  1394 Dec 14 20:02 epur_str.c

/var/folders/1t/1r4nmm8s3svgfgxb2k86584w0000gp/T/tmpu5ZLni/user/ft_list_remove_if:
total 8
-rw-r--r--  1 deepthought  deepthought  1191 Dec 14 20:02 ft_list_remove_if.c

/var/folders/1t/1r4nmm8s3svgfgxb2k86584w0000gp/T/tmpu5ZLni/user/ft_strlen:
total 8
-rw-r--r--  1 deepthought  deepthought  974 Dec 14 20:02 ft_strlen.c

/var/folders/1t/1r4nmm8s3svgfgxb2k86584w0000gp/T/tmpu5ZLni/user/maff_alpha:
total 8
-rw-r--r--  1 deepthought  deepthought  979 Dec 14 20:02 maff_alpha.c

/var/folders/1t/1r4nmm8s3svgfgxb2k86584w0000gp/T/tmpu5ZLni/user/print_bits:
total 8
-rw-r--r--  1 deepthought  deepthought  1639 Dec 14 20:02 print_bits.c
 
= rostring =====================================================================
Nothing turned in
Grade: 0

= Final grade: 0 ===============================================================
