= Host-specific information ====================================================
$> hostname; uname -msr
e2r12p11.42.fr
Darwin 14.5.0 x86_64
$> date
Mon Dec  7 09:18:06 CET 2015
$> gcc --version
Configured with: --prefix=/Applications/Xcode.app/Contents/Developer/usr --with-gxx-include-dir=/usr/include/c++/4.2.1
Apple LLVM version 7.0.0 (clang-700.1.76)
Target: x86_64-apple-darwin14.5.0
Thread model: posix
$> clang --version
Apple LLVM version 7.0.0 (clang-700.1.76)
Target: x86_64-apple-darwin14.5.0
Thread model: posix

= User files collection ========================================================
Collecting user files from Vogsphere
Repository URL: auto-exam/2015/c-exam-beginner/practice-exam_20151207/mkejji

= Git history ==================================================================
$> git -C /var/folders/b5/t69cqhb94pj9vzvb0r401dtr0000gp/T/tmpLmJqDa/user log --pretty='%H - %an, %ad : %s'
02a62a1ced4f9fed855f0b76d79cf62eb48c5178 - Mourad KEJJI, Mon Dec 7 09:17:56 2015 +0100 : not today
8532da232e7eeacf241926e80950bc9e14e39dc1 - Mourad KEJJI, Mon Dec 7 09:12:24 2015 +0100 : et merde
 
= Collected files ==========================================
$> ls -lAR /var/folders/b5/t69cqhb94pj9vzvb0r401dtr0000gp/T/tmpLmJqDa/user
total 8
-rw-r--r--  1 deepthought  deepthought  456 Dec  7 09:18 __GIT_HISTORY
drwxr-xr-x  3 deepthought  deepthought  102 Dec  7 09:18 aff_a
drwxr-xr-x  3 deepthought  deepthought  102 Dec  7 09:18 aff_z

/var/folders/b5/t69cqhb94pj9vzvb0r401dtr0000gp/T/tmpLmJqDa/user/aff_a:
total 8
-rw-r--r--  1 deepthought  deepthought  1159 Dec  7 09:18 aff_a.c

/var/folders/b5/t69cqhb94pj9vzvb0r401dtr0000gp/T/tmpLmJqDa/user/aff_z:
total 8
-rw-r--r--  1 deepthought  deepthought  997 Dec  7 09:18 aff_z.c
 
= aff_a ========================================================================
$> clang -Wextra -Wall -Werror aff_a.c -o user_exe 

= Test 1 ===================================================
$> ./ilxt6pt8mdnveopjh7y3itc0 
$> diff -U 3 user_output_test1 test1.output | cat -e

Diff OK :D
= Test 2 ===================================================
$> ./73v9izsfjpduus5yqgd4qgba "17" "23" "42"
$> diff -U 3 user_output_test2 test2.output | cat -e

Diff OK :D
= Test 3 ===================================================
$> ./bh04def5d3rqmxc3fhajsp7v "d5iGjN2goVan"
$> diff -U 3 user_output_test3 test3.output | cat -e

Diff OK :D
= Test 4 ===================================================
$> ./8nlwq0r6w6jtcb4dzzkvv8vq "efa"
$> diff -U 3 user_output_test4 test4.output | cat -e

Diff OK :D
= Test 5 ===================================================
$> ./cdwr9t5tdphtngedp1i10l69 "jULSZt7"
$> diff -U 3 user_output_test5 test5.output | cat -e

Diff OK :D
= Test 6 ===================================================
$> ./lyov0c5sllmuqv8iganorr8a "hpiwq6j7TMQX"
$> diff -U 3 user_output_test6 test6.output | cat -e

Diff OK :D
Grade: 1

= Final grade: 1 ===============================================================
