= Host-specific information ====================================================
$> hostname; uname -msr
e2r5p15.42.fr
Darwin 14.5.0 x86_64
$> date
Mon Dec  7 09:27:17 CET 2015
$> gcc --version
Configured with: --prefix=/Applications/Xcode.app/Contents/Developer/usr --with-gxx-include-dir=/usr/include/c++/4.2.1
Apple LLVM version 7.0.0 (clang-700.1.76)
Target: x86_64-apple-darwin14.5.0
Thread model: posix
$> clang --version
Apple LLVM version 7.0.0 (clang-700.1.76)
Target: x86_64-apple-darwin14.5.0
Thread model: posix

= User files collection ========================================================
Collecting user files from Vogsphere
Repository URL: auto-exam/2015/c-exam-beginner/practice-exam_20151207/mkejji

= Git history ==================================================================
$> git -C /var/folders/cq/9m71t9ps4p12j91520yctsfr0000gp/T/tmpEiPPwh/user log --pretty='%H - %an, %ad : %s'
683a61ea00afebb03fb3a4ca77358c871a46c3c3 - Mourad KEJJI, Mon Dec 7 09:27:08 2015 +0100 : Die potatoe !
02a62a1ced4f9fed855f0b76d79cf62eb48c5178 - Mourad KEJJI, Mon Dec 7 09:17:56 2015 +0100 : not today
8532da232e7eeacf241926e80950bc9e14e39dc1 - Mourad KEJJI, Mon Dec 7 09:12:24 2015 +0100 : et merde
 
= Collected files ==========================================
$> ls -lAR /var/folders/cq/9m71t9ps4p12j91520yctsfr0000gp/T/tmpEiPPwh/user
total 8
-rw-r--r--  1 deepthought  deepthought  700 Dec  7 09:27 __GIT_HISTORY
drwxr-xr-x  3 deepthought  deepthought  102 Dec  7 09:27 aff_a
drwxr-xr-x  3 deepthought  deepthought  102 Dec  7 09:27 aff_z
drwxr-xr-x  3 deepthought  deepthought  102 Dec  7 09:27 rotone

/var/folders/cq/9m71t9ps4p12j91520yctsfr0000gp/T/tmpEiPPwh/user/aff_a:
total 8
-rw-r--r--  1 deepthought  deepthought  1159 Dec  7 09:27 aff_a.c

/var/folders/cq/9m71t9ps4p12j91520yctsfr0000gp/T/tmpEiPPwh/user/aff_z:
total 8
-rw-r--r--  1 deepthought  deepthought  997 Dec  7 09:27 aff_z.c

/var/folders/cq/9m71t9ps4p12j91520yctsfr0000gp/T/tmpEiPPwh/user/rotone:
total 8
-rw-r--r--  1 deepthought  deepthought  1333 Dec  7 09:27 rotone.c
 
= rotone =======================================================================
$> clang -Wextra -Wall -Werror rotone.c -o user_exe 

= Test 1 ===================================================
$> ./ujhf9f49kcmxbb5lrn88gcf3 "Les stagiaires du staff ne sentent pas toujours tres bon."
$> diff -U 3 user_output_test1 test1.output | cat -e

Diff OK :D
= Test 2 ===================================================
$> ./rirxhduj852h32qu4o6vflc8 "Lorem ipsum dolor sit amet, consectetur adipiscing elit. Integer tempor sed odio ac dapibus. Pellentesque congue bibendum mollis. Vivamus accumsan massa diam, id aliquet arcu porta et. Vivamus nec tortor eu leo suscipit dapibus. Pellentesque auctor tortor nunc, in lobortis erat gravida nec. Curabitur hendrerit, tortor et cursus sagittis, enim turpis accumsan odio, blandit pretium lacus eros eget mi. Maecenas et lacus ac arcu tempor lacinia nec et massa. Quisque congue odio nec egestas accumsan. Nullam fermentum id enim id accumsan."
$> diff -U 3 user_output_test2 test2.output | cat -e

Diff OK :D
= Test 3 ===================================================
$> ./nrsyocsgltfxvu8vfp5h9i9o ""
$> diff -U 3 user_output_test3 test3.output | cat -e

Diff OK :D
Grade: 1

= Final grade: 1 ===============================================================
