= Host-specific information ====================================================
$> hostname; uname -msr
e2r2p2.42.fr
Darwin 14.5.0 x86_64
$> date
Mon Dec  7 10:17:54 CET 2015
$> gcc --version
Configured with: --prefix=/Applications/Xcode.app/Contents/Developer/usr --with-gxx-include-dir=/usr/include/c++/4.2.1
Apple LLVM version 7.0.0 (clang-700.1.76)
Target: x86_64-apple-darwin14.5.0
Thread model: posix
$> clang --version
Apple LLVM version 7.0.0 (clang-700.1.76)
Target: x86_64-apple-darwin14.5.0
Thread model: posix

= User files collection ========================================================
Collecting user files from Vogsphere
Repository URL: auto-exam/2015/c-exam-beginner/practice-exam_20151207/mkejji

= Git history ==================================================================
$> git -C /var/folders/jj/sh4jplqx18b0wzvt8z_1ydc80000gp/T/tmpPa_cTo/user log --pretty='%H - %an, %ad : %s'
994f86aedd89db198082bded4f6e4df95c409f27 - Mourad KEJJI, Mon Dec 7 10:17:29 2015 +0100 : piece of cake
03b65fbe11a3acffaba1fda952addede0ac31cb4 - Mourad KEJJI, Mon Dec 7 09:56:00 2015 +0100 : pgcd
cc6c5cb4baefa976f13acff165efa967499e580c - Mourad KEJJI, Mon Dec 7 09:37:36 2015 +0100 : My horse is Amazing.
683a61ea00afebb03fb3a4ca77358c871a46c3c3 - Mourad KEJJI, Mon Dec 7 09:27:08 2015 +0100 : Die potatoe !
02a62a1ced4f9fed855f0b76d79cf62eb48c5178 - Mourad KEJJI, Mon Dec 7 09:17:56 2015 +0100 : not today
8532da232e7eeacf241926e80950bc9e14e39dc1 - Mourad KEJJI, Mon Dec 7 09:12:24 2015 +0100 : et merde
 
= Collected files ==========================================
$> ls -lAR /var/folders/jj/sh4jplqx18b0wzvt8z_1ydc80000gp/T/tmpPa_cTo/user
total 8
-rw-r--r--  1 deepthought  deepthought  1484 Dec  7 10:17 __GIT_HISTORY
drwxr-xr-x  3 deepthought  deepthought   102 Dec  7 10:17 aff_a
drwxr-xr-x  3 deepthought  deepthought   102 Dec  7 10:17 aff_z
drwxr-xr-x  3 deepthought  deepthought   102 Dec  7 10:17 alpha_mirror
drwxr-xr-x  3 deepthought  deepthought   102 Dec  7 10:17 ft_split
drwxr-xr-x  3 deepthought  deepthought   102 Dec  7 10:17 pgcd
drwxr-xr-x  3 deepthought  deepthought   102 Dec  7 10:17 rotone

/var/folders/jj/sh4jplqx18b0wzvt8z_1ydc80000gp/T/tmpPa_cTo/user/aff_a:
total 8
-rw-r--r--  1 deepthought  deepthought  1159 Dec  7 10:17 aff_a.c

/var/folders/jj/sh4jplqx18b0wzvt8z_1ydc80000gp/T/tmpPa_cTo/user/aff_z:
total 8
-rw-r--r--  1 deepthought  deepthought  997 Dec  7 10:17 aff_z.c

/var/folders/jj/sh4jplqx18b0wzvt8z_1ydc80000gp/T/tmpPa_cTo/user/alpha_mirror:
total 8
-rw-r--r--  1 deepthought  deepthought  1296 Dec  7 10:17 alpha_mirror.c

/var/folders/jj/sh4jplqx18b0wzvt8z_1ydc80000gp/T/tmpPa_cTo/user/ft_split:
total 8
-rw-r--r--  1 deepthought  deepthought  1939 Dec  7 10:17 ft_split.c

/var/folders/jj/sh4jplqx18b0wzvt8z_1ydc80000gp/T/tmpPa_cTo/user/pgcd:
total 8
-rw-r--r--  1 deepthought  deepthought  1973 Dec  7 10:17 pgcd.c

/var/folders/jj/sh4jplqx18b0wzvt8z_1ydc80000gp/T/tmpPa_cTo/user/rotone:
total 8
-rw-r--r--  1 deepthought  deepthought  1333 Dec  7 10:17 rotone.c
 
= ft_split =====================================================================
$> clang -Wextra -Wall -Werror ft_split.c main.c -o user_exe 

= Test 1 ===================================================
$> ./1x50s6tig11hx6m4lmhe7iuq ""
$> diff -U 3 user_output_test1 test1.output | cat -e

Diff OK :D
= Test 2 ===================================================
$> ./qiewn2t4l845az5wbjj761p8 "
   	
	 
  "
$> diff -U 3 user_output_test2 test2.output | cat -e

Diff OK :D
= Test 3 ===================================================
$> ./dcw6j6c8gq8jxsu786rx8qnl "	 

	
  "
$> diff -U 3 user_output_test3 test3.output | cat -e

Diff OK :D
= Test 4 ===================================================
$> ./2o8kyoximlbf3hrxv9g2nwmt "1rWelUhafwvs"
$> diff -U 3 user_output_test4 test4.output | cat -e

Diff OK :D
= Test 5 ===================================================
$> ./fzwlumiszu0hua9qdfdax7il "U8M"
$> diff -U 3 user_output_test5 test5.output | cat -e

Diff OK :D
= Test 6 ===================================================
$> ./u0y4mskgtiqka7gg8se4xjs2 "	

	 XkojBpYOsV2 
	 		4Ft8PHDlxCMnd0O 
  

vHGuZjBfa310HRjfMi "
$> diff -U 3 user_output_test6 test6.output | cat -e

Diff OK :D
= Test 7 ===================================================
$> ./77ws28qrezncmajhfg0dk56x " 	 oj8DJXqOg	 

5vP4acL8Dun   JYXKNdiC98y  a5TcfupzVsBIt	

 esl	 
2S3FBOJb7Y0R
cLCgbox4svVSF52 "
$> diff -U 3 user_output_test7 test7.output | cat -e

Diff OK :D
= Test 8 ===================================================
$> ./c2ys1jrkqzzg9k4v8uv7oifk "
stLDWoXpiVQqxJF9Z  	rBD6  	uQa9irq5x1hYN 
 QDzZeMT9W1"
$> diff -U 3 user_output_test8 test8.output | cat -e

Diff OK :D
= Test 9 ===================================================
$> ./erhyixgq1kntkmp6156m91jx "
 		hRknj9Dxr 

 	hYX3ps  
  9kodsam0ygkqwRZW 
 
 	yXS	
	  	UZFiv1Y2RwIld5N9T 4Kcwp9felxj	  
	
n1Gm67ZSV2lg  	
NF7IOtqbs39Cno	
9V0tkjxOuUXTvZWz

WNQykb63DRsP	 


izS8kXgbul 	


i6zU9XtOEen	 	

	HTkg2A9QSzDEyaKZpbUL	 	 qvMViYJOQPMC"
$> diff -U 3 user_output_test9 test9.output | cat -e

Diff OK :D
Grade: 1

= Final grade: 1 ===============================================================
