= Host-specific information ====================================================
$> hostname; uname -msr
e2r1p6.42.fr
Darwin 14.5.0 x86_64
$> date
Mon Dec  7 10:44:49 CET 2015
$> gcc --version
Configured with: --prefix=/Applications/Xcode.app/Contents/Developer/usr --with-gxx-include-dir=/usr/include/c++/4.2.1
Apple LLVM version 7.0.0 (clang-700.1.76)
Target: x86_64-apple-darwin14.5.0
Thread model: posix
$> clang --version
Apple LLVM version 7.0.0 (clang-700.1.76)
Target: x86_64-apple-darwin14.5.0
Thread model: posix

= User files collection ========================================================
Collecting user files from Vogsphere
Repository URL: auto-exam/2015/c-exam-beginner/practice-exam_20151207/mkejji

= Git history ==================================================================
$> git -C /var/folders/zr/7gxz0hnj2xz2h5cv1mm9pd000000gp/T/tmpeadkGl/user log --pretty='%H - %an, %ad : %s'
6834883ab6d1bc7d4b8a3fcb59640ab3a623d1bf - Mourad KEJJI, Mon Dec 7 10:44:28 2015 +0100 : it's over
0508e70c7f84a74dfcc6808f472a650f6a7b4ada - Mourad KEJJI, Mon Dec 7 10:36:30 2015 +0100 : wait for it...
994f86aedd89db198082bded4f6e4df95c409f27 - Mourad KEJJI, Mon Dec 7 10:17:29 2015 +0100 : piece of cake
03b65fbe11a3acffaba1fda952addede0ac31cb4 - Mourad KEJJI, Mon Dec 7 09:56:00 2015 +0100 : pgcd
cc6c5cb4baefa976f13acff165efa967499e580c - Mourad KEJJI, Mon Dec 7 09:37:36 2015 +0100 : My horse is Amazing.
683a61ea00afebb03fb3a4ca77358c871a46c3c3 - Mourad KEJJI, Mon Dec 7 09:27:08 2015 +0100 : Die potatoe !
02a62a1ced4f9fed855f0b76d79cf62eb48c5178 - Mourad KEJJI, Mon Dec 7 09:17:56 2015 +0100 : not today
8532da232e7eeacf241926e80950bc9e14e39dc1 - Mourad KEJJI, Mon Dec 7 09:12:24 2015 +0100 : et merde
 
= Collected files ==========================================
$> ls -lAR /var/folders/zr/7gxz0hnj2xz2h5cv1mm9pd000000gp/T/tmpeadkGl/user
total 8
-rw-r--r--  1 deepthought  deepthought  1989 Dec  7 10:44 __GIT_HISTORY
drwxr-xr-x  3 deepthought  deepthought   102 Dec  7 10:44 aff_a
drwxr-xr-x  3 deepthought  deepthought   102 Dec  7 10:44 aff_z
drwxr-xr-x  3 deepthought  deepthought   102 Dec  7 10:44 alpha_mirror
drwxr-xr-x  3 deepthought  deepthought   102 Dec  7 10:44 ft_itoa_base
drwxr-xr-x  3 deepthought  deepthought   102 Dec  7 10:44 ft_split
drwxr-xr-x  3 deepthought  deepthought   102 Dec  7 10:44 pgcd
drwxr-xr-x  3 deepthought  deepthought   102 Dec  7 10:44 rotone

/var/folders/zr/7gxz0hnj2xz2h5cv1mm9pd000000gp/T/tmpeadkGl/user/aff_a:
total 8
-rw-r--r--  1 deepthought  deepthought  1159 Dec  7 10:44 aff_a.c

/var/folders/zr/7gxz0hnj2xz2h5cv1mm9pd000000gp/T/tmpeadkGl/user/aff_z:
total 8
-rw-r--r--  1 deepthought  deepthought  997 Dec  7 10:44 aff_z.c

/var/folders/zr/7gxz0hnj2xz2h5cv1mm9pd000000gp/T/tmpeadkGl/user/alpha_mirror:
total 8
-rw-r--r--  1 deepthought  deepthought  1296 Dec  7 10:44 alpha_mirror.c

/var/folders/zr/7gxz0hnj2xz2h5cv1mm9pd000000gp/T/tmpeadkGl/user/ft_itoa_base:
total 8
-rw-r--r--  1 deepthought  deepthought  1454 Dec  7 10:44 ft_itoa_base.c

/var/folders/zr/7gxz0hnj2xz2h5cv1mm9pd000000gp/T/tmpeadkGl/user/ft_split:
total 8
-rw-r--r--  1 deepthought  deepthought  1939 Dec  7 10:44 ft_split.c

/var/folders/zr/7gxz0hnj2xz2h5cv1mm9pd000000gp/T/tmpeadkGl/user/pgcd:
total 8
-rw-r--r--  1 deepthought  deepthought  1973 Dec  7 10:44 pgcd.c

/var/folders/zr/7gxz0hnj2xz2h5cv1mm9pd000000gp/T/tmpeadkGl/user/rotone:
total 8
-rw-r--r--  1 deepthought  deepthought  1333 Dec  7 10:44 rotone.c
 
= ft_itoa_base =================================================================
$> clang -Wextra -Wall -Werror ft_itoa_base.c main.c -o user_exe 

= Test 1 ===================================================
$> ./3qxut55rt76n056thbm9hrzh
$> diff -U 3 user_output_test1 test1.output | cat -e
--- user_output_test1	2015-12-07 10:44:54.000000000 +0100$
+++ test1.output	2015-12-07 10:44:54.000000000 +0100$
@@ -1,18 +1,18 @@$
-$
+0$
 -123$
 123$
--2$
+-2147483648$
 2147483647$
 42$
-4$
+0$
 1111011$
 1111111111111111111111111111111$
 101010$
-1$
+0$
 173$
 17777777777$
 52$
-5$
+0$
 7B$
 7FFFFFFF$
 2A$

Diff KO :(
Grade: 0

= Final grade: 0 ===============================================================
