= Host-specific information ====================================================
$> hostname; uname -msr
e1r1p8.42.fr
Darwin 14.5.0 x86_64
$> date
Mon Dec  7 11:34:56 CET 2015
$> gcc --version
Configured with: --prefix=/Applications/Xcode.app/Contents/Developer/usr --with-gxx-include-dir=/usr/include/c++/4.2.1
Apple LLVM version 7.0.0 (clang-700.1.76)
Target: x86_64-apple-darwin14.5.0
Thread model: posix
$> clang --version
Apple LLVM version 7.0.0 (clang-700.1.76)
Target: x86_64-apple-darwin14.5.0
Thread model: posix

= User files collection ========================================================
Collecting user files from Vogsphere
Repository URL: auto-exam/2015/c-exam-beginner/practice-exam_20151207/mkejji

= Git history ==================================================================
$> git -C /var/folders/w3/lfvt_7b52vv1lmj6_b1bwvk00000gp/T/tmpmwXBQX/user log --pretty='%H - %an, %ad : %s'
6834883ab6d1bc7d4b8a3fcb59640ab3a623d1bf - Mourad KEJJI, Mon Dec 7 10:44:28 2015 +0100 : it's over
0508e70c7f84a74dfcc6808f472a650f6a7b4ada - Mourad KEJJI, Mon Dec 7 10:36:30 2015 +0100 : wait for it...
994f86aedd89db198082bded4f6e4df95c409f27 - Mourad KEJJI, Mon Dec 7 10:17:29 2015 +0100 : piece of cake
03b65fbe11a3acffaba1fda952addede0ac31cb4 - Mourad KEJJI, Mon Dec 7 09:56:00 2015 +0100 : pgcd
cc6c5cb4baefa976f13acff165efa967499e580c - Mourad KEJJI, Mon Dec 7 09:37:36 2015 +0100 : My horse is Amazing.
683a61ea00afebb03fb3a4ca77358c871a46c3c3 - Mourad KEJJI, Mon Dec 7 09:27:08 2015 +0100 : Die potatoe !
02a62a1ced4f9fed855f0b76d79cf62eb48c5178 - Mourad KEJJI, Mon Dec 7 09:17:56 2015 +0100 : not today
8532da232e7eeacf241926e80950bc9e14e39dc1 - Mourad KEJJI, Mon Dec 7 09:12:24 2015 +0100 : et merde
 
= Collected files ==========================================
$> ls -lAR /var/folders/w3/lfvt_7b52vv1lmj6_b1bwvk00000gp/T/tmpmwXBQX/user
total 8
-rw-r--r--  1 deepthought  deepthought  1989 Dec  7 11:34 __GIT_HISTORY
drwxr-xr-x  3 deepthought  deepthought   102 Dec  7 11:34 aff_a
drwxr-xr-x  3 deepthought  deepthought   102 Dec  7 11:34 aff_z
drwxr-xr-x  3 deepthought  deepthought   102 Dec  7 11:34 alpha_mirror
drwxr-xr-x  3 deepthought  deepthought   102 Dec  7 11:34 ft_itoa_base
drwxr-xr-x  3 deepthought  deepthought   102 Dec  7 11:34 ft_split
drwxr-xr-x  3 deepthought  deepthought   102 Dec  7 11:34 pgcd
drwxr-xr-x  3 deepthought  deepthought   102 Dec  7 11:34 rotone

/var/folders/w3/lfvt_7b52vv1lmj6_b1bwvk00000gp/T/tmpmwXBQX/user/aff_a:
total 8
-rw-r--r--  1 deepthought  deepthought  1159 Dec  7 11:34 aff_a.c

/var/folders/w3/lfvt_7b52vv1lmj6_b1bwvk00000gp/T/tmpmwXBQX/user/aff_z:
total 8
-rw-r--r--  1 deepthought  deepthought  997 Dec  7 11:34 aff_z.c

/var/folders/w3/lfvt_7b52vv1lmj6_b1bwvk00000gp/T/tmpmwXBQX/user/alpha_mirror:
total 8
-rw-r--r--  1 deepthought  deepthought  1296 Dec  7 11:34 alpha_mirror.c

/var/folders/w3/lfvt_7b52vv1lmj6_b1bwvk00000gp/T/tmpmwXBQX/user/ft_itoa_base:
total 8
-rw-r--r--  1 deepthought  deepthought  1454 Dec  7 11:34 ft_itoa_base.c

/var/folders/w3/lfvt_7b52vv1lmj6_b1bwvk00000gp/T/tmpmwXBQX/user/ft_split:
total 8
-rw-r--r--  1 deepthought  deepthought  1939 Dec  7 11:34 ft_split.c

/var/folders/w3/lfvt_7b52vv1lmj6_b1bwvk00000gp/T/tmpmwXBQX/user/pgcd:
total 8
-rw-r--r--  1 deepthought  deepthought  1973 Dec  7 11:34 pgcd.c

/var/folders/w3/lfvt_7b52vv1lmj6_b1bwvk00000gp/T/tmpmwXBQX/user/rotone:
total 8
-rw-r--r--  1 deepthought  deepthought  1333 Dec  7 11:34 rotone.c
 
= print_memory =================================================================
Nothing turned in
Grade: 0

= Final grade: 0 ===============================================================
