= Host-specific information ====================================================
$> hostname; uname -msr
e2r2p12.42.fr
Darwin 14.5.0 x86_64
$> date
Tue Dec  8 07:19:02 CET 2015
$> gcc --version
Configured with: --prefix=/Applications/Xcode.app/Contents/Developer/usr --with-gxx-include-dir=/usr/include/c++/4.2.1
Apple LLVM version 7.0.0 (clang-700.1.76)
Target: x86_64-apple-darwin14.5.0
Thread model: posix
$> clang --version
Apple LLVM version 7.0.0 (clang-700.1.76)
Target: x86_64-apple-darwin14.5.0
Thread model: posix

= User files collection ========================================================
Collecting user files from Vogsphere
Repository URL: auto-exam/2015/c-exam-beginner/practice-exam_20151208/mkejji

= Git history ==================================================================
$> git -C /var/folders/w2/c31m0mxx07b2h8d36fjbszw40000gp/T/tmpMBsd8C/user log --pretty='%H - %an, %ad : %s'
ad9c130c8357893f247572b62f7b3d9b082faa21 - Mourad KEJJI, Tue Dec 8 07:18:53 2015 +0100 : 0
 
= Collected files ==========================================
$> ls -lAR /var/folders/w2/c31m0mxx07b2h8d36fjbszw40000gp/T/tmpMBsd8C/user
total 8
-rw-r--r--  1 deepthought  deepthought  233 Dec  8 07:19 __GIT_HISTORY
drwxr-xr-x  3 deepthought  deepthought  102 Dec  8 07:19 ft_print_numbers

/var/folders/w2/c31m0mxx07b2h8d36fjbszw40000gp/T/tmpMBsd8C/user/ft_print_numbers:
total 8
-rw-r--r--  1 deepthought  deepthought  974 Dec  8 07:19 ft_print_numbers.c
 
= ft_print_numbers =============================================================
$> clang -Wextra -Wall -Werror main.c ft_print_numbers.c -o user_exe 

= Test 1 ===================================================
$> ./lnv9aejucf361svorr6n9ncy
$> diff -U 3 user_output_test1 test1.output | cat -e

Diff OK :D
Grade: 1

= Final grade: 1 ===============================================================
