= Host-specific information ====================================================
$> hostname; uname -msr
e2r8p13.42.fr
Darwin 14.5.0 x86_64
$> date
Tue Dec  8 07:58:08 CET 2015
$> gcc --version
Configured with: --prefix=/Applications/Xcode.app/Contents/Developer/usr --with-gxx-include-dir=/usr/include/c++/4.2.1
Apple LLVM version 7.0.0 (clang-700.1.76)
Target: x86_64-apple-darwin14.5.0
Thread model: posix
$> clang --version
Apple LLVM version 7.0.0 (clang-700.1.76)
Target: x86_64-apple-darwin14.5.0
Thread model: posix

= User files collection ========================================================
Collecting user files from Vogsphere
Repository URL: auto-exam/2015/c-exam-beginner/practice-exam_20151208/mkejji

= Git history ==================================================================
$> git -C /var/folders/w9/ps94qs6j1bz3gvq1rfg64ts40000gp/T/tmpgAgWlJ/user log --pretty='%H - %an, %ad : %s'
93525943bda5abae9a12ddb35a81db53b1f33dbb - Mourad KEJJI, Tue Dec 8 07:57:59 2015 +0100 : opif
149414c361883fe855f835252f1b9f06e19a9a7f - Mourad KEJJI, Tue Dec 8 07:44:35 2015 +0100 : weird
f2344b408814b863cf8f5f7e0e546032d6bff725 - Mourad KEJJI, Tue Dec 8 07:35:30 2015 +0100 : 2
d2fd6712ea5bb0c66858e82567aef6d0f44f1cbe - Mourad KEJJI, Tue Dec 8 07:25:10 2015 +0100 : 1-1
8b296d8968d97bb92bf71e54b5216bba5e098bd1 - Mourad KEJJI, Tue Dec 8 07:20:49 2015 +0100 : 1
ad9c130c8357893f247572b62f7b3d9b082faa21 - Mourad KEJJI, Tue Dec 8 07:18:53 2015 +0100 : 0
 
= Collected files ==========================================
$> ls -lAR /var/folders/w9/ps94qs6j1bz3gvq1rfg64ts40000gp/T/tmpgAgWlJ/user
total 8
-rw-r--r--  1 deepthought  deepthought  1409 Dec  8 07:58 __GIT_HISTORY
drwxr-xr-x  3 deepthought  deepthought   102 Dec  8 07:58 ft_list_remove_if
drwxr-xr-x  3 deepthought  deepthought   102 Dec  8 07:58 ft_print_numbers
drwxr-xr-x  3 deepthought  deepthought   102 Dec  8 07:58 ft_range
drwxr-xr-x  3 deepthought  deepthought   102 Dec  8 07:58 ft_strrev
drwxr-xr-x  3 deepthought  deepthought   102 Dec  8 07:58 ft_swap

/var/folders/w9/ps94qs6j1bz3gvq1rfg64ts40000gp/T/tmpgAgWlJ/user/ft_list_remove_if:
total 8
-rw-r--r--  1 deepthought  deepthought  1204 Dec  8 07:58 ft_list_remove_if.c

/var/folders/w9/ps94qs6j1bz3gvq1rfg64ts40000gp/T/tmpgAgWlJ/user/ft_print_numbers:
total 8
-rw-r--r--  1 deepthought  deepthought  974 Dec  8 07:58 ft_print_numbers.c

/var/folders/w9/ps94qs6j1bz3gvq1rfg64ts40000gp/T/tmpgAgWlJ/user/ft_range:
total 8
-rw-r--r--  1 deepthought  deepthought  1243 Dec  8 07:58 ft_range.c

/var/folders/w9/ps94qs6j1bz3gvq1rfg64ts40000gp/T/tmpgAgWlJ/user/ft_strrev:
total 8
-rw-r--r--  1 deepthought  deepthought  1223 Dec  8 07:58 ft_strrev.c

/var/folders/w9/ps94qs6j1bz3gvq1rfg64ts40000gp/T/tmpgAgWlJ/user/ft_swap:
total 8
-rw-r--r--  1 deepthought  deepthought  962 Dec  8 07:58 ft_swap.c
 
= ft_list_remove_if ============================================================
$> clang -Wextra -Wall -Werror ft_list_remove_if.c ft_create_elem.c main.c -o user_exe 
ft_list_remove_if.c:15:24: error: unknown type name 't_list'
void    ft_list_remove_if(t_list **lst, void *data_ref, int (*cmp)())
                          ^
ft_list_remove_if.c:17:2: error: use of undeclared identifier 't_list'
        t_list *ptr;
        ^
ft_list_remove_if.c:17:10: error: use of undeclared identifier 'ptr'
        t_list *ptr;
                ^
ft_list_remove_if.c:21:2: error: use of undeclared identifier 'ptr'
        ptr = *lst;
        ^
ft_list_remove_if.c:22:9: error: use of undeclared identifier 'ptr'
        while (ptr->next != NULL)
               ^
ft_list_remove_if.c:24:11: error: use of undeclared identifier 'ptr'
                if (cmp(ptr->next->data, data_ref == 0))
                        ^
ft_list_remove_if.c:25:4: error: use of undeclared identifier 'ptr'
                        ptr->next = ptr->next->next;
                        ^
ft_list_remove_if.c:25:16: error: use of undeclared identifier 'ptr'
                        ptr->next = ptr->next->next;
                                    ^
ft_list_remove_if.c:26:3: error: use of undeclared identifier 'ptr'
                ptr = ptr->next;
                ^
ft_list_remove_if.c:26:9: error: use of undeclared identifier 'ptr'
                ptr = ptr->next;
                      ^
10 errors generated.

Could not compile 'user_exe'
Grade: 0

= Final grade: 0 ===============================================================
