= Host-specific information ====================================================
$> hostname; uname -msr
e2r8p8.42.fr
Darwin 14.5.0 x86_64
$> date
Tue Dec  8 08:16:45 CET 2015
$> gcc --version
Configured with: --prefix=/Applications/Xcode.app/Contents/Developer/usr --with-gxx-include-dir=/usr/include/c++/4.2.1
Apple LLVM version 7.0.0 (clang-700.1.76)
Target: x86_64-apple-darwin14.5.0
Thread model: posix
$> clang --version
Apple LLVM version 7.0.0 (clang-700.1.76)
Target: x86_64-apple-darwin14.5.0
Thread model: posix

= User files collection ========================================================
Collecting user files from Vogsphere
Repository URL: auto-exam/2015/c-exam-beginner/practice-exam_20151208/mkejji

= Git history ==================================================================
$> git -C /var/folders/9l/vlvqg7g50t7087fbjzjhcrk40000gp/T/tmpMhhqUe/user log --pretty='%H - %an, %ad : %s'
9fbb4b1ae60822b9a5138a96efb21ae9cd7c53a1 - Mourad KEJJI, Tue Dec 8 08:16:37 2015 +0100 : fp
93525943bda5abae9a12ddb35a81db53b1f33dbb - Mourad KEJJI, Tue Dec 8 07:57:59 2015 +0100 : opif
149414c361883fe855f835252f1b9f06e19a9a7f - Mourad KEJJI, Tue Dec 8 07:44:35 2015 +0100 : weird
f2344b408814b863cf8f5f7e0e546032d6bff725 - Mourad KEJJI, Tue Dec 8 07:35:30 2015 +0100 : 2
d2fd6712ea5bb0c66858e82567aef6d0f44f1cbe - Mourad KEJJI, Tue Dec 8 07:25:10 2015 +0100 : 1-1
8b296d8968d97bb92bf71e54b5216bba5e098bd1 - Mourad KEJJI, Tue Dec 8 07:20:49 2015 +0100 : 1
ad9c130c8357893f247572b62f7b3d9b082faa21 - Mourad KEJJI, Tue Dec 8 07:18:53 2015 +0100 : 0
 
= Collected files ==========================================
$> ls -lAR /var/folders/9l/vlvqg7g50t7087fbjzjhcrk40000gp/T/tmpMhhqUe/user
total 8
-rw-r--r--  1 deepthought  deepthought  1663 Dec  8 08:16 __GIT_HISTORY
drwxr-xr-x  3 deepthought  deepthought   102 Dec  8 08:16 fprime
drwxr-xr-x  3 deepthought  deepthought   102 Dec  8 08:16 ft_list_remove_if
drwxr-xr-x  3 deepthought  deepthought   102 Dec  8 08:16 ft_print_numbers
drwxr-xr-x  3 deepthought  deepthought   102 Dec  8 08:16 ft_range
drwxr-xr-x  3 deepthought  deepthought   102 Dec  8 08:16 ft_strrev
drwxr-xr-x  3 deepthought  deepthought   102 Dec  8 08:16 ft_swap

/var/folders/9l/vlvqg7g50t7087fbjzjhcrk40000gp/T/tmpMhhqUe/user/fprime:
total 8
-rw-r--r--  1 deepthought  deepthought  1562 Dec  8 08:16 fprime.c

/var/folders/9l/vlvqg7g50t7087fbjzjhcrk40000gp/T/tmpMhhqUe/user/ft_list_remove_if:
total 8
-rw-r--r--  1 deepthought  deepthought  1204 Dec  8 08:16 ft_list_remove_if.c

/var/folders/9l/vlvqg7g50t7087fbjzjhcrk40000gp/T/tmpMhhqUe/user/ft_print_numbers:
total 8
-rw-r--r--  1 deepthought  deepthought  974 Dec  8 08:16 ft_print_numbers.c

/var/folders/9l/vlvqg7g50t7087fbjzjhcrk40000gp/T/tmpMhhqUe/user/ft_range:
total 8
-rw-r--r--  1 deepthought  deepthought  1243 Dec  8 08:16 ft_range.c

/var/folders/9l/vlvqg7g50t7087fbjzjhcrk40000gp/T/tmpMhhqUe/user/ft_strrev:
total 8
-rw-r--r--  1 deepthought  deepthought  1223 Dec  8 08:16 ft_strrev.c

/var/folders/9l/vlvqg7g50t7087fbjzjhcrk40000gp/T/tmpMhhqUe/user/ft_swap:
total 8
-rw-r--r--  1 deepthought  deepthought  962 Dec  8 08:16 ft_swap.c
 
= fprime =======================================================================
$> clang -Wextra -Wall -Werror fprime.c -o user_exe 

Forbidden function call in 'fprime.c': 'puts'
Grade: -42

= Final grade: -42 =============================================================
